ARM GAS  /tmp/ccQXk6N7.s 			page 1


   1              		.cpu cortex-m7
   2              		.arch armv7e-m
   3              		.fpu fpv5-d16
   4              		.eabi_attribute 28, 1
   5              		.eabi_attribute 20, 1
   6              		.eabi_attribute 21, 1
   7              		.eabi_attribute 23, 3
   8              		.eabi_attribute 24, 1
   9              		.eabi_attribute 25, 1
  10              		.eabi_attribute 26, 1
  11              		.eabi_attribute 30, 1
  12              		.eabi_attribute 34, 1
  13              		.eabi_attribute 18, 4
  14              		.file	"main.c"
  15              		.text
  16              	.Ltext0:
  17              		.cfi_sections	.debug_frame
  18              		.file 1 "Core/Src/main.c"
  19              		.section	.text.main,"ax",%progbits
  20              		.align	1
  21              		.global	main
  22              		.syntax unified
  23              		.thumb
  24              		.thumb_func
  26              	main:
  27              	.LFB0:
   1:Core/Src/main.c **** int main(void)
   2:Core/Src/main.c **** {
  28              		.loc 1 2 1 view -0
  29              		.cfi_startproc
  30              		@ args = 0, pretend = 0, frame = 0
  31              		@ frame_needed = 0, uses_anonymous_args = 0
  32              		@ link register save eliminated.
   3:Core/Src/main.c **** 	return 0;
  33              		.loc 1 3 2 view .LVU1
   4:Core/Src/main.c **** }
  34              		.loc 1 4 1 is_stmt 0 view .LVU2
  35 0000 0020     		movs	r0, #0
  36 0002 7047     		bx	lr
  37              		.cfi_endproc
  38              	.LFE0:
  40              		.text
  41              	.Letext0:
ARM GAS  /tmp/ccQXk6N7.s 			page 2


DEFINED SYMBOLS
                            *ABS*:00000000 main.c
     /tmp/ccQXk6N7.s:20     .text.main:00000000 $t
     /tmp/ccQXk6N7.s:26     .text.main:00000000 main

NO UNDEFINED SYMBOLS
